GROUP,PACKAGE,CLASS,INSTRUCTION_MISSED,INSTRUCTION_COVERED,BRANCH_MISSED,BRANCH_COVERED,LINE_MISSED,LINE_COVERED,COMPLEXITY_MISSED,COMPLEXITY_COVERED,METHOD_MISSED,METHOD_COVERED
Kia-SWEP2,W1,ShoppingCartCalculator,355,0,28,0,103,0,24,0,8,0
Kia-SWEP2,W1,ShoppingCart,0,91,0,8,0,23,0,12,0,8
Kia-SWEP2,W1,ShoppingCart.ShoppingItem,43,27,14,0,6,10,8,5,1,5
Kia-SWEP2,W1,LocalizationService,6,56,1,5,2,15,1,5,0,3
Kia-SWEP2,W1,ShoppingCartGUI,131,588,13,8,33,119,14,18,3,17
Kia-SWEP2,W1,ShoppingCartFxView,0,80,0,0,0,16,0,5,0,5
Kia-SWEP2,W1,CartService,10,114,3,5,4,28,3,5,0,4
Kia-SWEP2,W1,DatabaseConnection,5,34,4,4,1,10,3,6,0,5
