<?xml version="1.0" encoding="UTF-8"?>
<testsuite xmlns:xsi="http://www.w3.org/2001/XMLSchema-instance" xsi:noNamespaceSchemaLocation="https://maven.apache.org/surefire/maven-surefire-plugin/xsd/surefire-test-report-3.0.xsd" version="3.0" name="W1.ShoppingCartTest$EdgeCasesTests" time="0.012" tests="4" errors="0" skipped="0" failures="0">
  <properties>
[...]
</properties>
  <testcase name="testMaximumValues" classname="W1.ShoppingCartTest$EdgeCasesTests" time="0.003"/>
  <testcase name="testItemNumberSequence" classname="W1.ShoppingCartTest$EdgeCasesTests" time="0.001"/>
  <testcase name="testVerySmallDecimals" classname="W1.ShoppingCartTest$EdgeCasesTests" time="0.001"/>
  <testcase name="testMixedItemTypes" classname="W1.ShoppingCartTest$EdgeCasesTests" time="0.002"/>
</testsuite>