<?xml version="1.0" encoding="UTF-8"?>
<testsuite xmlns:xsi="http://www.w3.org/2001/XMLSchema-instance" xsi:noNamespaceSchemaLocation="https://maven.apache.org/surefire/maven-surefire-plugin/xsd/surefire-test-report-3.0.xsd" version="3.0" name="W1.ShoppingCartFxTest" time="2.007" tests="2" errors="0" skipped="0" failures="0">
  <properties>
[...]
</properties>
  <testcase name="shouldDisplayInitialTotal(FxRobot)" classname="W1.ShoppingCartFxTest" time="1.157">
    <system-err><![CDATA[Apr 07, 2026 1:45:20 PM com.sun.javafx.application.PlatformImpl startup
WARNING: Unsupported JavaFX configuration: classes were loaded from 'unnamed module @5bc79255'
]]></system-err>
  </testcase>
  <testcase name="shouldIncreaseTotalWhenButtonIsClicked(FxRobot)" classname="W1.ShoppingCartFxTest" time="0.826"/>
</testsuite>